<?xml version="1.0" encoding="UTF-8"?>
<!-- Generated by org.testng.reporters.JUnitXMLReporter -->
<testsuite ignored="1" hostname="LAPTOP-1Q6O13EU" failures="0" tests="1" name="ErrorValidationsTest" time="41.175" errors="0" timestamp="2024-07-14T15:50:29 IST">
  <testcase classname="DheekshaAcedemy.ErrorValidationsTest" name="LoginErrorValidation" time="2.264"/>
  <testcase classname="DheekshaAcedemy.ErrorValidationsTest" name="ProductErrorValidaion" time="0.0">
    <ignored/>
  </testcase> <!-- ProductErrorValidaion -->
</testsuite> <!-- ErrorValidationsTest -->
