<?xml version="1.0" encoding="UTF-8"?>
<!-- Generated by org.testng.reporters.JUnitXMLReporter -->
<testsuite ignored="2" hostname="LAPTOP-1Q6O13EU" failures="0" tests="0" time="0.023" errors="0" timestamp="2024-07-14T15:49:48 IST">
  <testcase classname="DheekshaAcedemy.SubmitOrderTest" name="orderHistoryTest" time="0.0">
    <ignored/>
  </testcase> <!-- orderHistoryTest -->
  <testcase classname="DheekshaAcedemy.SubmitOrderTest" name="submitordermethod" time="0.0">
    <ignored/>
  </testcase> <!-- submitordermethod -->
</testsuite>
