<?xml version="1.0" encoding="UTF-8"?>
<!-- Generated by org.testng.reporters.JUnitXMLReporter -->
<testsuite ignored="0" hostname="LAPTOP-1Q6O13EU" failures="0" tests="2" name="ErrorValidationsTest" time="5.732" errors="0" timestamp="2024-07-22T19:20:14 IST">
  <testcase classname="DheekshaAcedemy.ErrorValidationsTest" name="LoginErrorValidation" time="0.0">
    <skipped/>
  </testcase> <!-- LoginErrorValidation -->
  <testcase classname="DheekshaAcedemy.ErrorValidationsTest" name="ProductErrorValidaion" time="0.0">
    <skipped/>
  </testcase> <!-- ProductErrorValidaion -->
</testsuite> <!-- ErrorValidationsTest -->
